<?xml version="1.0" encoding="UTF-8"?>
<!-- Generated by org.testng.reporters.JUnitXMLReporter -->
<testsuite ignored="0" hostname="Biswa-Win10Pro-DND" failures="0" tests="2" name="Default test" time="31.535" errors="0" timestamp="2021-12-07T14:39:46 IST">
  <testcase classname="com.baseclassConcept.org.InvalidLogin" name="loginToApplication" time="14.576"/>
  <testcase classname="com.baseclassConcept.org.InvalidLogin" name="loginToApplication1" time="3.438"/>
</testsuite> <!-- Default test -->
