<?xml version="1.0" encoding="UTF-8"?>
<!-- Generated by org.testng.reporters.JUnitXMLReporter -->
<testsuite ignored="0" hostname="Biswa-Win10Pro-DND" failures="0" tests="3" name="Chrome Test" time="90.01" errors="0" timestamp="2021-12-21T11:34:24 IST">
  <testcase classname="com.tsetng.param.dataprovider.ClassLevelDataProvider" name="paramByDataProvider" time="28.493"/>
  <testcase classname="com.tsetng.param.dataprovider.ClassLevelDataProvider" name="paramByDataProvider" time="41.529"/>
  <testcase classname="com.tsetng.param.dataprovider.ClassLevelDataProvider" name="paramByDataProvider" time="19.89"/>
</testsuite> <!-- Chrome Test -->
