<?xml version="1.0" encoding="UTF-8"?>
<!-- Generated by org.testng.reporters.JUnitXMLReporter -->
<testsuite ignored="0" hostname="Biswa-Win10Pro-DND" failures="0" tests="3" name="demo2" time="16.358" errors="0" timestamp="2021-12-20T18:08:29 IST">
  <testcase classname="com.tsetng.param.dataprovider.ParameterizedClass" name="Parameterpassing" time="16.07"/>
  <testcase classname="com.tsetng.param.dataprovider.ParameterizedClass" name="Parameterpassing" time="16.267"/>
  <testcase classname="com.tsetng.param.dataprovider.ParameterizedClass" name="Parameterpassing" time="16.274"/>
</testsuite> <!-- demo2 -->
