<?xml version="1.0" encoding="UTF-8"?>
<!-- Generated by org.testng.reporters.JUnitXMLReporter -->
<testsuite ignored="0" hostname="Biswa-Win10Pro-DND" failures="3" tests="3" name="Firefox Test" time="0.147" errors="0" timestamp="2021-12-21T11:31:44 IST">
  <testcase classname="com.tsetng.param.dataprovider.ClassLevelDataProvider" name="paramByDataProvider" time="0.014">
    <failure type="java.lang.Error" message="Unresolved compilation problems: 
	By cannot be resolved
	By cannot be resolved
">
      <![CDATA[java.lang.Error: Unresolved compilation problems: 
By cannot be resolved
By cannot be resolved

at com.tsetng.param.dataprovider.ClassLevelDataProvider.paramByDataProvider(ClassLevelDataProvider.java:18)
at java.base/java.util.ArrayList.forEach(ArrayList.java:1511)
... Removed 27 stack frames]]>
    </failure>
  </testcase> <!-- paramByDataProvider -->
  <testcase classname="com.tsetng.param.dataprovider.ClassLevelDataProvider" name="paramByDataProvider" time="0.009">
    <failure type="java.lang.Error" message="Unresolved compilation problems: 
	By cannot be resolved
	By cannot be resolved
">
      <![CDATA[java.lang.Error: Unresolved compilation problems: 
By cannot be resolved
By cannot be resolved

at com.tsetng.param.dataprovider.ClassLevelDataProvider.paramByDataProvider(ClassLevelDataProvider.java:18)
at java.base/java.util.ArrayList.forEach(ArrayList.java:1511)
... Removed 27 stack frames]]>
    </failure>
  </testcase> <!-- paramByDataProvider -->
  <testcase classname="com.tsetng.param.dataprovider.ClassLevelDataProvider" name="paramByDataProvider" time="0.004">
    <failure type="java.lang.Error" message="Unresolved compilation problems: 
	By cannot be resolved
	By cannot be resolved
">
      <![CDATA[java.lang.Error: Unresolved compilation problems: 
By cannot be resolved
By cannot be resolved

at com.tsetng.param.dataprovider.ClassLevelDataProvider.paramByDataProvider(ClassLevelDataProvider.java:18)
at java.base/java.util.ArrayList.forEach(ArrayList.java:1511)
... Removed 27 stack frames]]>
    </failure>
  </testcase> <!-- paramByDataProvider -->
</testsuite> <!-- Firefox Test -->
