<?xml version="1.0" encoding="UTF-8"?>
<testng-results ignored="0" total="2" passed="2" failed="0" skipped="0">
  <reporter-output>
    <line>
      <![CDATA[=====Browser Session Started=====]]>
    </line>
    <line>
      <![CDATA[=====Application Started=====]]>
    </line>
    <line>
      <![CDATA[=====Browser Session End=====]]>
    </line>
  </reporter-output>
  <suite started-at="2021-12-07T14:39:14 IST" name="Default suite" finished-at="2021-12-07T14:39:45 IST" duration-ms="31535">
    <groups>
    </groups>
    <test started-at="2021-12-07T14:39:14 IST" name="Default test" finished-at="2021-12-07T14:39:45 IST" duration-ms="31535">
      <class name="com.baseclassConcept.org.InvalidLogin">
        <test-method is-config="true" signature="setupApplication()[pri:0, instance:com.baseclassConcept.org.InvalidLogin@53aad5d5]" started-at="2021-12-07T14:39:14 IST" name="setupApplication" finished-at="2021-12-07T14:39:26 IST" duration-ms="12438" status="PASS">
          <reporter-output>
            <line>
              <![CDATA[=====Browser Session Started=====]]>
            </line>
            <line>
              <![CDATA[=====Application Started=====]]>
            </line>
          </reporter-output>
        </test-method> <!-- setupApplication -->
        <test-method signature="loginToApplication()[pri:0, instance:com.baseclassConcept.org.InvalidLogin@53aad5d5]" started-at="2021-12-07T14:39:26 IST" name="loginToApplication" description="This TC will perform valid login" finished-at="2021-12-07T14:39:41 IST" duration-ms="14576" status="PASS">
          <reporter-output>
          </reporter-output>
        </test-method> <!-- loginToApplication -->
        <test-method signature="loginToApplication1()[pri:0, instance:com.baseclassConcept.org.InvalidLogin@53aad5d5]" started-at="2021-12-07T14:39:41 IST" name="loginToApplication1" description="This TC will perform invalid login" finished-at="2021-12-07T14:39:44 IST" duration-ms="3438" status="PASS">
          <reporter-output>
          </reporter-output>
        </test-method> <!-- loginToApplication1 -->
        <test-method is-config="true" signature="closeApplication()[pri:0, instance:com.baseclassConcept.org.InvalidLogin@53aad5d5]" started-at="2021-12-07T14:39:44 IST" name="closeApplication" finished-at="2021-12-07T14:39:45 IST" duration-ms="1011" status="PASS">
          <reporter-output>
            <line>
              <![CDATA[=====Browser Session End=====]]>
            </line>
          </reporter-output>
        </test-method> <!-- closeApplication -->
      </class> <!-- com.baseclassConcept.org.InvalidLogin -->
    </test> <!-- Default test -->
  </suite> <!-- Default suite -->
</testng-results>
